<?xml version="1.0" encoding="UTF-8"?>
<!-- Generated by org.testng.reporters.JUnitReportReporter -->
<testsuite hostname="AAPC-IN" failures="0" tests="1" name="restassuredTests.Demo1_GET_Request" time="3.581" errors="0" timestamp="2022-03-02T09:29:28 IST" skipped="0">
  <testcase classname="restassuredTests.Demo1_GET_Request" name="getData" time="3.581"/>
  <system-out/>
</testsuite> <!-- restassuredTests.Demo1_GET_Request -->
