<?xml version="1.0" encoding="UTF-8"?>
<!-- Generated by org.testng.reporters.JUnitReportReporter -->
<testsuite hostname="AAPC-IN" failures="0" tests="1" name="restassuredTests.Demo1_DELETE_Request" time="3.571" errors="0" timestamp="2022-03-02T17:48:35 IST" skipped="0">
  <testcase classname="restassuredTests.Demo1_DELETE_Request" name="deleteData" time="3.571"/>
  <system-out/>
</testsuite> <!-- restassuredTests.Demo1_DELETE_Request -->
