<?xml version="1.0" encoding="UTF-8"?>
<!-- Generated by org.testng.reporters.JUnitReportReporter -->
<testsuite hostname="AAPC-IN" failures="0" tests="1" name="restassuredTests.Demo2_POST_Request" time="3.686" errors="0" timestamp="2022-03-02T18:03:33 IST" skipped="0">
  <testcase classname="restassuredTests.Demo2_POST_Request" name="postData" time="3.686"/>
  <system-out/>
</testsuite> <!-- restassuredTests.Demo2_POST_Request -->
